#
# There is insufficient memory for the Java Runtime Environment to continue.
# Native memory allocation (malloc) failed to allocate 1048576 bytes for AllocateHeap
# Possible reasons:
#   The system is out of physical RAM or swap space
#   The process is running with CompressedOops enabled, and the Java Heap may be blocking the growth of the native heap
# Possible solutions:
#   Reduce memory load on the system
#   Increase physical memory or swap space
#   Check if swap backing store is full
#   Decrease Java heap size (-Xmx/-Xms)
#   Decrease number of Java threads
#   Decrease Java thread stack sizes (-Xss)
#   Set larger code cache with -XX:ReservedCodeCacheSize=
#   JVM is running with Unscaled Compressed Oops mode in which the Java heap is
#     placed in the first 4GB address space. The Java Heap base address is the
#     maximum limit for the native heap growth. Please use -XX:HeapBaseMinAddress
#     to set the Java Heap base and to place the Java Heap above 4GB virtual address.
# This output file may be truncated or incomplete.
#
#  Out of Memory Error (./src/hotspot/share/memory/allocation.cpp:46), pid=12128, tid=10752
#
# JRE version: OpenJDK Runtime Environment (11.0.7+10) (build 11.0.7+10-b765.53)
# Java VM: OpenJDK 64-Bit Server VM (11.0.7+10-b765.53, mixed mode, tiered, compressed oops, g1 gc, windows-amd64)
# No core dump will be written. Minidumps are not enabled by default on client versions of Windows
#

---------------  S U M M A R Y ------------

Command Line: --add-opens=java.base/java.util=ALL-UNNAMED --add-opens=java.base/java.lang=ALL-UNNAMED --add-opens=java.base/java.lang.invoke=ALL-UNNAMED --add-opens=java.prefs/java.util.prefs=ALL-UNNAMED -Xmx2048m -Dfile.encoding=UTF-8 -Duser.country=RU -Duser.language=ru -Duser.variant org.gradle.launcher.daemon.bootstrap.GradleDaemon 6.6

Host: Intel(R) Core(TM) i7 CPU         920  @ 2.67GHz, 8 cores, 8G,  Windows 10 , 64 bit Build 19041 (10.0.19041.292)
Time: Sat Aug 29 09:31:27 2020 RTZ 2 (зима) elapsed time: 3 seconds (0d 0h 0m 3s)

---------------  T H R E A D  ---------------

Current thread (0x0000018a678f6800):  VMThread "VM Thread" [stack: 0x000000725ab00000,0x000000725ac00000] [id=10752]

Stack: [0x000000725ab00000,0x000000725ac00000]
[error occurred during error reporting (printing stack bounds), id 0xc0000005, EXCEPTION_ACCESS_VIOLATION (0xc0000005) at pc=0x0000018a4ff60dbd]

Native frames: (J=compiled Java code, j=interpreted, Vv=VM code, C=native code)
V  [jvm.dll+0x5ddbca]
V  [jvm.dll+0x711525]
V  [jvm.dll+0x712a7d]
V  [jvm.dll+0x713095]
V  [jvm.dll+0x71304b]
V  [jvm.dll+0x5dd028]
V  [jvm.dll+0x5dd7b8]
C  [ntdll.dll+0xa111f]
C  [ntdll.dll+0x4b474]
C  [ntdll.dll+0x9fc4e]
C  0x0000018a4ff60dbd

VM_Operation (0x000000725c0f6e20): CollectForMetadataAllocation, mode: safepoint, requested by thread 0x0000018a68f5b800


---------------  P R O C E S S  ---------------

Threads class SMR info:
_java_thread_list=0x0000018a699d85c0, length=23, elements={
0x0000018a4c738000, 0x0000018a670d0800, 0x0000018a670df000, 0x0000018a6790b800,
0x0000018a6790d800, 0x0000018a6790f000, 0x0000018a6795a000, 0x0000018a67963800,
0x0000018a67abf800, 0x0000018a67ac5800, 0x0000018a69192000, 0x0000018a69087800,
0x0000018a687a8000, 0x0000018a69871000, 0x0000018a68a65800, 0x0000018a68ab1800,
0x0000018a68f5b800, 0x0000018a687cd000, 0x0000018a69a7b000, 0x0000018a69a90000,
0x0000018a69b40000, 0x0000018a69b44000, 0x0000018a69b42800
}

Java Threads: ( => current thread )
  0x0000018a4c738000 JavaThread "main" [_thread_blocked, id=11812, stack(0x000000725a500000,0x000000725a600000)]
  0x0000018a670d0800 JavaThread "Reference Handler" daemon [_thread_blocked, id=6940, stack(0x000000725ac00000,0x000000725ad00000)]
  0x0000018a670df000 JavaThread "Finalizer" daemon [_thread_blocked, id=5564, stack(0x000000725ad00000,0x000000725ae00000)]
  0x0000018a6790b800 JavaThread "Signal Dispatcher" daemon [_thread_blocked, id=10056, stack(0x000000725ae00000,0x000000725af00000)]
  0x0000018a6790d800 JavaThread "Attach Listener" daemon [_thread_blocked, id=12484, stack(0x000000725af00000,0x000000725b000000)]
  0x0000018a6790f000 JavaThread "C2 CompilerThread0" daemon [_thread_blocked, id=2376, stack(0x000000725b000000,0x000000725b100000)]
  0x0000018a6795a000 JavaThread "C1 CompilerThread0" daemon [_thread_blocked, id=3420, stack(0x000000725b100000,0x000000725b200000)]
  0x0000018a67963800 JavaThread "Sweeper thread" daemon [_thread_blocked, id=6140, stack(0x000000725b200000,0x000000725b300000)]
  0x0000018a67abf800 JavaThread "Common-Cleaner" daemon [_thread_blocked, id=12124, stack(0x000000725b300000,0x000000725b400000)]
  0x0000018a67ac5800 JavaThread "Service Thread" daemon [_thread_blocked, id=4208, stack(0x000000725b400000,0x000000725b500000)]
  0x0000018a69192000 JavaThread "Daemon health stats" [_thread_blocked, id=2364, stack(0x000000725b900000,0x000000725ba00000)]
  0x0000018a69087800 JavaThread "Incoming local TCP Connector on port 58920" [_thread_in_native, id=11076, stack(0x000000725bb00000,0x000000725bc00000)]
  0x0000018a687a8000 JavaThread "Daemon periodic checks" [_thread_blocked, id=6616, stack(0x000000725bc00000,0x000000725bd00000)]
  0x0000018a69871000 JavaThread "Daemon" [_thread_blocked, id=11924, stack(0x000000725bd00000,0x000000725be00000)]
  0x0000018a68a65800 JavaThread "Handler for socket connection from /127.0.0.1:58920 to /127.0.0.1:58924" [_thread_in_native, id=2928, stack(0x000000725be00000,0x000000725bf00000)]
  0x0000018a68ab1800 JavaThread "Cancel handler" [_thread_blocked, id=3776, stack(0x000000725bf00000,0x000000725c000000)]
  0x0000018a68f5b800 JavaThread "Daemon worker" [_thread_blocked, id=4652, stack(0x000000725c000000,0x000000725c100000)]
  0x0000018a687cd000 JavaThread "Asynchronous log dispatcher for DefaultDaemonConnection: socket connection from /127.0.0.1:58920 to /127.0.0.1:58924" [_thread_blocked, id=2276, stack(0x000000725c100000,0x000000725c200000)]
  0x0000018a69a7b000 JavaThread "Stdin handler" [_thread_blocked, id=6004, stack(0x000000725c200000,0x000000725c300000)]
  0x0000018a69a90000 JavaThread "Thread-8" [_thread_blocked, id=6120, stack(0x000000725c300000,0x000000725c400000)]
  0x0000018a69b40000 JavaThread "Cache worker for file hash cache (N:\_AndroidGradle\caches\6.6\fileHashes)" [_thread_blocked, id=13004, stack(0x000000725c400000,0x000000725c500000)]
  0x0000018a69b44000 JavaThread "File lock request listener" [_thread_in_native, id=6820, stack(0x000000725c500000,0x000000725c600000)]
  0x0000018a69b42800 JavaThread "File lock release action executor" [_thread_blocked, id=5080, stack(0x000000725c600000,0x000000725c700000)]

Other Threads:
=>0x0000018a678f6800 VMThread "VM Thread" [stack: 0x000000725ab00000,0x000000725ac00000] [id=10752]
  0x0000018a67ac7000 WatcherThread [stack: 0x000000725b500000,0x000000725b600000] [id=12120]
  0x0000018a4c74f800 GCTaskThread "GC Thread#0" [stack: 0x000000725a600000,0x000000725a700000] [id=12144]
  0x0000018a687bc000 GCTaskThread "GC Thread#1" [stack: 0x000000725b700000,0x000000725b800000] [id=10572]
  0x0000018a682b6800 GCTaskThread "GC Thread#2" [stack: 0x000000725b800000,0x000000725b900000] [id=8680]
  0x0000018a682e0000 GCTaskThread "GC Thread#3" [stack: 0x000000725c700000,0x000000725c800000] [id=13852]
  0x0000018a4c785000 ConcurrentGCThread "G1 Main Marker" [stack: 0x000000725a700000,0x000000725a800000] [id=13552]
  0x0000018a4c786800 ConcurrentGCThread "G1 Conc#0" [stack: 0x000000725a800000,0x000000725a900000] [id=8760]
  0x0000018a698dd800 ConcurrentGCThread "G1 Conc#1" [stack: 0x000000725c800000,0x000000725c900000] [id=11460]
  0x0000018a66f24800 ConcurrentGCThread "G1 Refine#0" [stack: 0x000000725a900000,0x000000725aa00000] [id=12752]
  0x0000018a4c81e800 ConcurrentGCThread "G1 Young RemSet Sampling" [stack: 0x000000725aa00000,0x000000725ab00000] [id=2864]

Threads with active compile tasks:

VM state:at safepoint (normal execution)

VM Mutex/Monitor currently owned by a thread:  ([mutex/lock_event])
[0x0000018a4c7328f0] Threads_lock - owner thread: 0x0000018a678f6800
[0x0000018a4c732f20] Heap_lock - owner thread: 0x0000018a68f5b800

Heap address: 0x0000000080000000, size: 2048 MB, Compressed Oops mode: 32-bit
Narrow klass base: 0x0000000000000000, Narrow klass shift: 3
Compressed class space size: 1073741824 Address: 0x0000000100000000

Heap:
 garbage-first heap   total 147456K, used 16834K [0x0000000080000000, 0x0000000100000000)
  region size 1024K, 11 young (11264K), 11 survivors (11264K)
 Metaspace       used 19935K, capacity 20387K, committed 20480K, reserved 1067008K
  class space    used 2426K, capacity 2543K, committed 2560K, reserved 1048576K
Heap Regions: E=young(eden), S=young(survivor), O=old, HS=humongous(starts), HC=humongous(continues), CS=collection set, F=free, A=archive, TAMS=top-at-mark-start (previous, next)
|   0|0x0000000080000000, 0x0000000080000000, 0x0000000080100000|  0%| F|  |TAMS 0x0000000080000000, 0x0000000080000000| Untracked 
|   1|0x0000000080100000, 0x0000000080100000, 0x0000000080200000|  0%| F|  |TAMS 0x0000000080100000, 0x0000000080100000| Untracked 
|   2|0x0000000080200000, 0x0000000080200000, 0x0000000080300000|  0%| F|  |TAMS 0x0000000080200000, 0x0000000080200000| Untracked 
|   3|0x0000000080300000, 0x0000000080400000, 0x0000000080400000|100%|HS|  |TAMS 0x0000000080300000, 0x0000000080400000| Complete 
|   4|0x0000000080400000, 0x0000000080500000, 0x0000000080500000|100%|HC|  |TAMS 0x0000000080400000, 0x0000000080500000| Complete 
|   5|0x0000000080500000, 0x0000000080600000, 0x0000000080600000|100%|HC|  |TAMS 0x0000000080500000, 0x0000000080600000| Complete 
|   6|0x0000000080600000, 0x0000000080700000, 0x0000000080700000|100%| O|  |TAMS 0x0000000080600000, 0x0000000080700000| Untracked 
|   7|0x0000000080700000, 0x0000000080800000, 0x0000000080800000|100%| O|  |TAMS 0x0000000080700000, 0x0000000080800000| Untracked 
|   8|0x0000000080800000, 0x000000008087ae00, 0x0000000080900000| 47%| O|  |TAMS 0x0000000080800000, 0x000000008087ae00| Untracked 
|   9|0x0000000080900000, 0x0000000080900000, 0x0000000080a00000|  0%| F|  |TAMS 0x0000000080900000, 0x0000000080900000| Untracked 
|  10|0x0000000080a00000, 0x0000000080a00000, 0x0000000080b00000|  0%| F|  |TAMS 0x0000000080a00000, 0x0000000080a00000| Untracked 
|  11|0x0000000080b00000, 0x0000000080b00000, 0x0000000080c00000|  0%| F|  |TAMS 0x0000000080b00000, 0x0000000080b00000| Untracked 
|  12|0x0000000080c00000, 0x0000000080c00000, 0x0000000080d00000|  0%| F|  |TAMS 0x0000000080c00000, 0x0000000080c00000| Untracked 
|  13|0x0000000080d00000, 0x0000000080d00000, 0x0000000080e00000|  0%| F|  |TAMS 0x0000000080d00000, 0x0000000080d00000| Untracked 
|  14|0x0000000080e00000, 0x0000000080e00000, 0x0000000080f00000|  0%| F|  |TAMS 0x0000000080e00000, 0x0000000080e00000| Untracked 
|  15|0x0000000080f00000, 0x0000000080f00000, 0x0000000081000000|  0%| F|  |TAMS 0x0000000080f00000, 0x0000000080f00000| Untracked 
|  16|0x0000000081000000, 0x0000000081000000, 0x0000000081100000|  0%| F|  |TAMS 0x0000000081000000, 0x0000000081000000| Untracked 
|  17|0x0000000081100000, 0x0000000081100000, 0x0000000081200000|  0%| F|  |TAMS 0x0000000081100000, 0x0000000081100000| Untracked 
|  18|0x0000000081200000, 0x0000000081200000, 0x0000000081300000|  0%| F|  |TAMS 0x0000000081200000, 0x0000000081200000| Untracked 
|  19|0x0000000081300000, 0x0000000081300000, 0x0000000081400000|  0%| F|  |TAMS 0x0000000081300000, 0x0000000081300000| Untracked 
|  20|0x0000000081400000, 0x0000000081400000, 0x0000000081500000|  0%| F|  |TAMS 0x0000000081400000, 0x0000000081400000| Untracked 
|  21|0x0000000081500000, 0x0000000081500000, 0x0000000081600000|  0%| F|  |TAMS 0x0000000081500000, 0x0000000081500000| Untracked 
|  22|0x0000000081600000, 0x0000000081600000, 0x0000000081700000|  0%| F|  |TAMS 0x0000000081600000, 0x0000000081600000| Untracked 
|  23|0x0000000081700000, 0x0000000081700000, 0x0000000081800000|  0%| F|  |TAMS 0x0000000081700000, 0x0000000081700000| Untracked 
|  24|0x0000000081800000, 0x0000000081800000, 0x0000000081900000|  0%| F|  |TAMS 0x0000000081800000, 0x0000000081800000| Untracked 
|  25|0x0000000081900000, 0x0000000081900000, 0x0000000081a00000|  0%| F|  |TAMS 0x0000000081900000, 0x0000000081900000| Untracked 
|  26|0x0000000081a00000, 0x0000000081a00000, 0x0000000081b00000|  0%| F|  |TAMS 0x0000000081a00000, 0x0000000081a00000| Untracked 
|  27|0x0000000081b00000, 0x0000000081b00000, 0x0000000081c00000|  0%| F|  |TAMS 0x0000000081b00000, 0x0000000081b00000| Untracked 
|  28|0x0000000081c00000, 0x0000000081c00000, 0x0000000081d00000|  0%| F|  |TAMS 0x0000000081c00000, 0x0000000081c00000| Untracked 
|  29|0x0000000081d00000, 0x0000000081d00000, 0x0000000081e00000|  0%| F|  |TAMS 0x0000000081d00000, 0x0000000081d00000| Untracked 
|  30|0x0000000081e00000, 0x0000000081e00000, 0x0000000081f00000|  0%| F|  |TAMS 0x0000000081e00000, 0x0000000081e00000| Untracked 
|  31|0x0000000081f00000, 0x0000000081f00000, 0x0000000082000000|  0%| F|  |TAMS 0x0000000081f00000, 0x0000000081f00000| Untracked 
|  32|0x0000000082000000, 0x0000000082000000, 0x0000000082100000|  0%| F|  |TAMS 0x0000000082000000, 0x0000000082000000| Untracked 
|  33|0x0000000082100000, 0x0000000082100000, 0x0000000082200000|  0%| F|  |TAMS 0x0000000082100000, 0x0000000082100000| Untracked 
|  34|0x0000000082200000, 0x0000000082200000, 0x0000000082300000|  0%| F|  |TAMS 0x0000000082200000, 0x0000000082200000| Untracked 
|  35|0x0000000082300000, 0x0000000082300000, 0x0000000082400000|  0%| F|  |TAMS 0x0000000082300000, 0x0000000082300000| Untracked 
|  36|0x0000000082400000, 0x0000000082400000, 0x0000000082500000|  0%| F|  |TAMS 0x0000000082400000, 0x0000000082400000| Untracked 
|  37|0x0000000082500000, 0x0000000082500000, 0x0000000082600000|  0%| F|  |TAMS 0x0000000082500000, 0x0000000082500000| Untracked 
|  38|0x0000000082600000, 0x0000000082600000, 0x0000000082700000|  0%| F|  |TAMS 0x0000000082600000, 0x0000000082600000| Untracked 
|  39|0x0000000082700000, 0x0000000082700000, 0x0000000082800000|  0%| F|  |TAMS 0x0000000082700000, 0x0000000082700000| Untracked 
|  40|0x0000000082800000, 0x0000000082800000, 0x0000000082900000|  0%| F|  |TAMS 0x0000000082800000, 0x0000000082800000| Untracked 
|  41|0x0000000082900000, 0x0000000082900000, 0x0000000082a00000|  0%| F|  |TAMS 0x0000000082900000, 0x0000000082900000| Untracked 
|  42|0x0000000082a00000, 0x0000000082a00000, 0x0000000082b00000|  0%| F|  |TAMS 0x0000000082a00000, 0x0000000082a00000| Untracked 
|  43|0x0000000082b00000, 0x0000000082b00000, 0x0000000082c00000|  0%| F|  |TAMS 0x0000000082b00000, 0x0000000082b00000| Untracked 
|  44|0x0000000082c00000, 0x0000000082c00000, 0x0000000082d00000|  0%| F|  |TAMS 0x0000000082c00000, 0x0000000082c00000| Untracked 
|  45|0x0000000082d00000, 0x0000000082d00000, 0x0000000082e00000|  0%| F|  |TAMS 0x0000000082d00000, 0x0000000082d00000| Untracked 
|  46|0x0000000082e00000, 0x0000000082e00000, 0x0000000082f00000|  0%| F|  |TAMS 0x0000000082e00000, 0x0000000082e00000| Untracked 
|  47|0x0000000082f00000, 0x0000000082f00000, 0x0000000083000000|  0%| F|  |TAMS 0x0000000082f00000, 0x0000000082f00000| Untracked 
|  48|0x0000000083000000, 0x0000000083000000, 0x0000000083100000|  0%| F|  |TAMS 0x0000000083000000, 0x0000000083000000| Untracked 
|  49|0x0000000083100000, 0x0000000083100000, 0x0000000083200000|  0%| F|  |TAMS 0x0000000083100000, 0x0000000083100000| Untracked 
|  50|0x0000000083200000, 0x0000000083200000, 0x0000000083300000|  0%| F|  |TAMS 0x0000000083200000, 0x0000000083200000| Untracked 
|  51|0x0000000083300000, 0x0000000083300000, 0x0000000083400000|  0%| F|  |TAMS 0x0000000083300000, 0x0000000083300000| Untracked 
|  52|0x0000000083400000, 0x0000000083400000, 0x0000000083500000|  0%| F|  |TAMS 0x0000000083400000, 0x0000000083400000| Untracked 
|  53|0x0000000083500000, 0x0000000083500000, 0x0000000083600000|  0%| F|  |TAMS 0x0000000083500000, 0x0000000083500000| Untracked 
|  54|0x0000000083600000, 0x0000000083600000, 0x0000000083700000|  0%| F|  |TAMS 0x0000000083600000, 0x0000000083600000| Untracked 
|  55|0x0000000083700000, 0x00000000837f5b80, 0x0000000083800000| 95%| S|CS|TAMS 0x0000000083700000, 0x0000000083700000| Complete 
|  56|0x0000000083800000, 0x0000000083900000, 0x0000000083900000|100%| S|CS|TAMS 0x0000000083800000, 0x0000000083800000| Complete 
|  57|0x0000000083900000, 0x0000000083a00000, 0x0000000083a00000|100%| S|CS|TAMS 0x0000000083900000, 0x0000000083900000| Complete 
|  58|0x0000000083a00000, 0x0000000083b00000, 0x0000000083b00000|100%| S|CS|TAMS 0x0000000083a00000, 0x0000000083a00000| Complete 
|  59|0x0000000083b00000, 0x0000000083c00000, 0x0000000083c00000|100%| S|CS|TAMS 0x0000000083b00000, 0x0000000083b00000| Complete 
|  60|0x0000000083c00000, 0x0000000083d00000, 0x0000000083d00000|100%| S|CS|TAMS 0x0000000083c00000, 0x0000000083c00000| Complete 
|  61|0x0000000083d00000, 0x0000000083e00000, 0x0000000083e00000|100%| S|CS|TAMS 0x0000000083d00000, 0x0000000083d00000| Complete 
|  62|0x0000000083e00000, 0x0000000083f00000, 0x0000000083f00000|100%| S|CS|TAMS 0x0000000083e00000, 0x0000000083e00000| Complete 
|  63|0x0000000083f00000, 0x0000000084000000, 0x0000000084000000|100%| S|CS|TAMS 0x0000000083f00000, 0x0000000083f00000| Complete 
|  64|0x0000000084000000, 0x0000000084100000, 0x0000000084100000|100%| S|CS|TAMS 0x0000000084000000, 0x0000000084000000| Complete 
|  65|0x0000000084100000, 0x0000000084200000, 0x0000000084200000|100%| S|CS|TAMS 0x0000000084100000, 0x0000000084100000| Complete 
|  66|0x0000000084200000, 0x0000000084200000, 0x0000000084300000|  0%| F|  |TAMS 0x0000000084200000, 0x0000000084200000| Untracked 
|  67|0x0000000084300000, 0x0000000084300000, 0x0000000084400000|  0%| F|  |TAMS 0x0000000084300000, 0x0000000084300000| Untracked 
|  68|0x0000000084400000, 0x0000000084400000, 0x0000000084500000|  0%| F|  |TAMS 0x0000000084400000, 0x0000000084400000| Untracked 
|  69|0x0000000084500000, 0x0000000084500000, 0x0000000084600000|  0%| F|  |TAMS 0x0000000084500000, 0x0000000084500000| Untracked 
|  70|0x0000000084600000, 0x0000000084600000, 0x0000000084700000|  0%| F|  |TAMS 0x0000000084600000, 0x0000000084600000| Untracked 
|  71|0x0000000084700000, 0x0000000084700000, 0x0000000084800000|  0%| F|  |TAMS 0x0000000084700000, 0x0000000084700000| Untracked 
|  72|0x0000000084800000, 0x0000000084800000, 0x0000000084900000|  0%| F|  |TAMS 0x0000000084800000, 0x0000000084800000| Untracked 
|  73|0x0000000084900000, 0x0000000084900000, 0x0000000084a00000|  0%| F|  |TAMS 0x0000000084900000, 0x0000000084900000| Untracked 
|  74|0x0000000084a00000, 0x0000000084a00000, 0x0000000084b00000|  0%| F|  |TAMS 0x0000000084a00000, 0x0000000084a00000| Untracked 
|  75|0x0000000084b00000, 0x0000000084b00000, 0x0000000084c00000|  0%| F|  |TAMS 0x0000000084b00000, 0x0000000084b00000| Untracked 
|  76|0x0000000084c00000, 0x0000000084c00000, 0x0000000084d00000|  0%| F|  |TAMS 0x0000000084c00000, 0x0000000084c00000| Untracked 
|  77|0x0000000084d00000, 0x0000000084d00000, 0x0000000084e00000|  0%| F|  |TAMS 0x0000000084d00000, 0x0000000084d00000| Untracked 
|  78|0x0000000084e00000, 0x0000000084e00000, 0x0000000084f00000|  0%| F|  |TAMS 0x0000000084e00000, 0x0000000084e00000| Untracked 
|  79|0x0000000084f00000, 0x0000000084f00000, 0x0000000085000000|  0%| F|  |TAMS 0x0000000084f00000, 0x0000000084f00000| Untracked 
|  80|0x0000000085000000, 0x0000000085000000, 0x0000000085100000|  0%| F|  |TAMS 0x0000000085000000, 0x0000000085000000| Untracked 
|  81|0x0000000085100000, 0x0000000085100000, 0x0000000085200000|  0%| F|  |TAMS 0x0000000085100000, 0x0000000085100000| Untracked 
|  82|0x0000000085200000, 0x0000000085200000, 0x0000000085300000|  0%| F|  |TAMS 0x0000000085200000, 0x0000000085200000| Untracked 
|  83|0x0000000085300000, 0x0000000085300000, 0x0000000085400000|  0%| F|  |TAMS 0x0000000085300000, 0x0000000085300000| Untracked 
|  84|0x0000000085400000, 0x0000000085400000, 0x0000000085500000|  0%| F|  |TAMS 0x0000000085400000, 0x0000000085400000| Untracked 
|  85|0x0000000085500000, 0x0000000085500000, 0x0000000085600000|  0%| F|  |TAMS 0x0000000085500000, 0x0000000085500000| Untracked 
|  86|0x0000000085600000, 0x0000000085600000, 0x0000000085700000|  0%| F|  |TAMS 0x0000000085600000, 0x0000000085600000| Untracked 
|  87|0x0000000085700000, 0x0000000085700000, 0x0000000085800000|  0%| F|  |TAMS 0x0000000085700000, 0x0000000085700000| Untracked 
|  88|0x0000000085800000, 0x0000000085800000, 0x0000000085900000|  0%| F|  |TAMS 0x0000000085800000, 0x0000000085800000| Untracked 
|  89|0x0000000085900000, 0x0000000085900000, 0x0000000085a00000|  0%| F|  |TAMS 0x0000000085900000, 0x0000000085900000| Untracked 
|  90|0x0000000085a00000, 0x0000000085a00000, 0x0000000085b00000|  0%| F|  |TAMS 0x0000000085a00000, 0x0000000085a00000| Untracked 
|  91|0x0000000085b00000, 0x0000000085b00000, 0x0000000085c00000|  0%| F|  |TAMS 0x0000000085b00000, 0x0000000085b00000| Untracked 
|  92|0x0000000085c00000, 0x0000000085c00000, 0x0000000085d00000|  0%| F|  |TAMS 0x0000000085c00000, 0x0000000085c00000| Untracked 
|  93|0x0000000085d00000, 0x0000000085d00000, 0x0000000085e00000|  0%| F|  |TAMS 0x0000000085d00000, 0x0000000085d00000| Untracked 
|  94|0x0000000085e00000, 0x0000000085e00000, 0x0000000085f00000|  0%| F|  |TAMS 0x0000000085e00000, 0x0000000085e00000| Untracked 
|  95|0x0000000085f00000, 0x0000000085f00000, 0x0000000086000000|  0%| F|  |TAMS 0x0000000085f00000, 0x0000000085f00000| Untracked 
|  96|0x0000000086000000, 0x0000000086000000, 0x0000000086100000|  0%| F|  |TAMS 0x0000000086000000, 0x0000000086000000| Untracked 
|  97|0x0000000086100000, 0x0000000086100000, 0x0000000086200000|  0%| F|  |TAMS 0x0000000086100000, 0x0000000086100000| Untracked 
|  98|0x0000000086200000, 0x0000000086200000, 0x0000000086300000|  0%| F|  |TAMS 0x0000000086200000, 0x0000000086200000| Untracked 
|  99|0x0000000086300000, 0x0000000086300000, 0x0000000086400000|  0%| F|  |TAMS 0x0000000086300000, 0x0000000086300000| Untracked 
| 100|0x0000000086400000, 0x0000000086400000, 0x0000000086500000|  0%| F|  |TAMS 0x0000000086400000, 0x0000000086400000| Untracked 
| 101|0x0000000086500000, 0x0000000086500000, 0x0000000086600000|  0%| F|  |TAMS 0x0000000086500000, 0x0000000086500000| Untracked 
| 102|0x0000000086600000, 0x0000000086600000, 0x0000000086700000|  0%| F|  |TAMS 0x0000000086600000, 0x0000000086600000| Untracked 
| 103|0x0000000086700000, 0x0000000086700000, 0x0000000086800000|  0%| F|  |TAMS 0x0000000086700000, 0x0000000086700000| Untracked 
| 104|0x0000000086800000, 0x0000000086800000, 0x0000000086900000|  0%| F|  |TAMS 0x0000000086800000, 0x0000000086800000| Untracked 
| 105|0x0000000086900000, 0x0000000086900000, 0x0000000086a00000|  0%| F|  |TAMS 0x0000000086900000, 0x0000000086900000| Untracked 
| 106|0x0000000086a00000, 0x0000000086a00000, 0x0000000086b00000|  0%| F|  |TAMS 0x0000000086a00000, 0x0000000086a00000| Untracked 
| 107|0x0000000086b00000, 0x0000000086b00000, 0x0000000086c00000|  0%| F|  |TAMS 0x0000000086b00000, 0x0000000086b00000| Untracked 
| 108|0x0000000086c00000, 0x0000000086c00000, 0x0000000086d00000|  0%| F|  |TAMS 0x0000000086c00000, 0x0000000086c00000| Untracked 
| 109|0x0000000086d00000, 0x0000000086d00000, 0x0000000086e00000|  0%| F|  |TAMS 0x0000000086d00000, 0x0000000086d00000| Untracked 
| 110|0x0000000086e00000, 0x0000000086e00000, 0x0000000086f00000|  0%| F|  |TAMS 0x0000000086e00000, 0x0000000086e00000| Untracked 
| 111|0x0000000086f00000, 0x0000000086f00000, 0x0000000087000000|  0%| F|  |TAMS 0x0000000086f00000, 0x0000000086f00000| Untracked 
| 112|0x0000000087000000, 0x0000000087000000, 0x0000000087100000|  0%| F|  |TAMS 0x0000000087000000, 0x0000000087000000| Untracked 
| 113|0x0000000087100000, 0x0000000087100000, 0x0000000087200000|  0%| F|  |TAMS 0x0000000087100000, 0x0000000087100000| Untracked 
| 114|0x0000000087200000, 0x0000000087200000, 0x0000000087300000|  0%| F|  |TAMS 0x0000000087200000, 0x0000000087200000| Untracked 
| 115|0x0000000087300000, 0x0000000087300000, 0x0000000087400000|  0%| F|  |TAMS 0x0000000087300000, 0x0000000087300000| Untracked 
| 116|0x0000000087400000, 0x0000000087400000, 0x0000000087500000|  0%| F|  |TAMS 0x0000000087400000, 0x0000000087400000| Untracked 
| 117|0x0000000087500000, 0x0000000087500000, 0x0000000087600000|  0%| F|  |TAMS 0x0000000087500000, 0x0000000087500000| Untracked 
| 118|0x0000000087600000, 0x0000000087600000, 0x0000000087700000|  0%| F|  |TAMS 0x0000000087600000, 0x0000000087600000| Untracked 
| 119|0x0000000087700000, 0x0000000087700000, 0x0000000087800000|  0%| F|  |TAMS 0x0000000087700000, 0x0000000087700000| Untracked 
| 120|0x0000000087800000, 0x0000000087800000, 0x0000000087900000|  0%| F|  |TAMS 0x0000000087800000, 0x0000000087800000| Untracked 
| 121|0x0000000087900000, 0x0000000087900000, 0x0000000087a00000|  0%| F|  |TAMS 0x0000000087900000, 0x0000000087900000| Untracked 
| 122|0x0000000087a00000, 0x0000000087a00000, 0x0000000087b00000|  0%| F|  |TAMS 0x0000000087a00000, 0x0000000087a00000| Untracked 
| 123|0x0000000087b00000, 0x0000000087b00000, 0x0000000087c00000|  0%| F|  |TAMS 0x0000000087b00000, 0x0000000087b00000| Untracked 
| 124|0x0000000087c00000, 0x0000000087c00000, 0x0000000087d00000|  0%| F|  |TAMS 0x0000000087c00000, 0x0000000087c00000| Untracked 
| 125|0x0000000087d00000, 0x0000000087d00000, 0x0000000087e00000|  0%| F|  |TAMS 0x0000000087d00000, 0x0000000087d00000| Untracked 
| 126|0x0000000087e00000, 0x0000000087e00000, 0x0000000087f00000|  0%| F|  |TAMS 0x0000000087e00000, 0x0000000087e00000| Untracked 
| 127|0x0000000087f00000, 0x0000000087f00000, 0x0000000088000000|  0%| F|  |TAMS 0x0000000087f00000, 0x0000000087f00000| Untracked 
| 128|0x0000000088000000, 0x0000000088000000, 0x0000000088100000|  0%| F|  |TAMS 0x0000000088000000, 0x0000000088000000| Untracked 
| 129|0x0000000088100000, 0x0000000088100000, 0x0000000088200000|  0%| F|  |TAMS 0x0000000088100000, 0x0000000088100000| Untracked 
| 130|0x0000000088200000, 0x0000000088200000, 0x0000000088300000|  0%| F|  |TAMS 0x0000000088200000, 0x0000000088200000| Untracked 
| 131|0x0000000088300000, 0x0000000088300000, 0x0000000088400000|  0%| F|  |TAMS 0x0000000088300000, 0x0000000088300000| Untracked 
| 132|0x0000000088400000, 0x0000000088400000, 0x0000000088500000|  0%| F|  |TAMS 0x0000000088400000, 0x0000000088400000| Untracked 
| 133|0x0000000088500000, 0x0000000088500000, 0x0000000088600000|  0%| F|  |TAMS 0x0000000088500000, 0x0000000088500000| Untracked 
| 134|0x0000000088600000, 0x0000000088600000, 0x0000000088700000|  0%| F|  |TAMS 0x0000000088600000, 0x0000000088600000| Untracked 
| 135|0x0000000088700000, 0x0000000088700000, 0x0000000088800000|  0%| F|  |TAMS 0x0000000088700000, 0x0000000088700000| Untracked 
| 136|0x0000000088800000, 0x0000000088800000, 0x0000000088900000|  0%| F|  |TAMS 0x0000000088800000, 0x0000000088800000| Untracked 
| 137|0x0000000088900000, 0x0000000088900000, 0x0000000088a00000|  0%| F|  |TAMS 0x0000000088900000, 0x0000000088900000| Untracked 
| 138|0x0000000088a00000, 0x0000000088a00000, 0x0000000088b00000|  0%| F|  |TAMS 0x0000000088a00000, 0x0000000088a00000| Untracked 
| 139|0x0000000088b00000, 0x0000000088b00000, 0x0000000088c00000|  0%| F|  |TAMS 0x0000000088b00000, 0x0000000088b00000| Untracked 
| 140|0x0000000088c00000, 0x0000000088c00000, 0x0000000088d00000|  0%| F|  |TAMS 0x0000000088c00000, 0x0000000088c00000| Untracked 
| 141|0x0000000088d00000, 0x0000000088d00000, 0x0000000088e00000|  0%| F|  |TAMS 0x0000000088d00000, 0x0000000088d00000| Untracked 
| 142|0x0000000088e00000, 0x0000000088e00000, 0x0000000088f00000|  0%| F|  |TAMS 0x0000000088e00000, 0x0000000088e00000| Untracked 
| 143|0x0000000088f00000, 0x0000000088f00000, 0x0000000089000000|  0%| F|  |TAMS 0x0000000088f00000, 0x0000000088f00000| Untracked 

Card table byte_map: [0x0000018a5fde0000,0x0000018a601e0000] _byte_map_base: 0x0000018a5f9e0000

Marking Bits (Prev, Next): (CMBitMap*) 0x0000018a4c77c5b8, (CMBitMap*) 0x0000018a4c77c5f0
 Prev Bits: [0x0000018a605e0000, 0x0000018a625e0000)
 Next Bits: [0x0000018a625e0000, 0x0000018a645e0000)

Polling page: 0x0000018a4c820000

Metaspace:

Usage:
  Non-class:     17.43 MB capacity,    17.10 MB ( 98%) used,   298.50 KB (  2%) free+waste,    35.81 KB ( <1%) overhead. 
      Class:      2.48 MB capacity,     2.37 MB ( 95%) used,    99.33 KB (  4%) free+waste,    17.56 KB ( <1%) overhead. 
       Both:     19.91 MB capacity,    19.47 MB ( 98%) used,   397.83 KB (  2%) free+waste,    53.38 KB ( <1%) overhead. 

Virtual space:
  Non-class space:       18.00 MB reserved,      17.50 MB ( 97%) committed 
      Class space:        1.00 GB reserved,       2.50 MB ( <1%) committed 
             Both:        1.02 GB reserved,      20.00 MB (  2%) committed 

Chunk freelists:
   Non-Class:  12.00 KB
       Class:  17.00 KB
        Both:  29.00 KB

MaxMetaspaceSize: 17179869184.00 GB
CompressedClassSpaceSize: 1.00 GB

CodeHeap 'non-profiled nmethods': size=120000Kb used=781Kb max_used=781Kb free=119218Kb
 bounds [0x0000018a57a30000, 0x0000018a57ca0000, 0x0000018a5ef60000]
CodeHeap 'profiled nmethods': size=120000Kb used=3621Kb max_used=3798Kb free=116378Kb
 bounds [0x0000018a50500000, 0x0000018a508c0000, 0x0000018a57a30000]
CodeHeap 'non-nmethods': size=5760Kb used=1115Kb max_used=1130Kb free=4644Kb
 bounds [0x0000018a4ff60000, 0x0000018a501d0000, 0x0000018a50500000]
 total_blobs=3063 nmethods=1723 adapters=363
 compilation: enabled
              stopped_count=0, restarted_count=0
 full_count=0

Compilation events (20 events):
Event: 3.784 Thread 0x0000018a6795a000 nmethod 1853 0x0000018a57af1e90 code [0x0000018a57af2040, 0x0000018a57af2198]
Event: 3.785 Thread 0x0000018a6795a000 1854       3       java.lang.invoke.VarHandleGuards::guard_LII_Z (70 bytes)
Event: 3.787 Thread 0x0000018a6795a000 nmethod 1854 0x0000018a5055ad90 code [0x0000018a5055b040, 0x0000018a5055c050]
Event: 3.787 Thread 0x0000018a6795a000 1856       3       java.lang.invoke.VarHandleInts$FieldInstanceReadWrite::compareAndSet (24 bytes)
Event: 3.787 Thread 0x0000018a6795a000 nmethod 1856 0x0000018a5055fa10 code [0x0000018a5055fc20, 0x0000018a50560130]
Event: 3.798 Thread 0x0000018a6790f000 nmethod 1850 0x0000018a57af2210 code [0x0000018a57af23e0, 0x0000018a57af2888]
Event: 3.798 Thread 0x0000018a6790f000 1857       4       java.lang.String::checkIndex (46 bytes)
Event: 3.799 Thread 0x0000018a6790f000 nmethod 1857 0x0000018a57af2c90 code [0x0000018a57af2e20, 0x0000018a57af2e98]
Event: 3.807 Thread 0x0000018a6795a000 1858       3       java.util.ArrayList::grow (18 bytes)
Event: 3.808 Thread 0x0000018a6795a000 nmethod 1858 0x0000018a50558e90 code [0x0000018a50559060, 0x0000018a50559320]
Event: 3.844 Thread 0x0000018a6790f000 1859       4       java.lang.String::lastIndexOf (29 bytes)
Event: 3.850 Thread 0x0000018a6790f000 nmethod 1859 0x0000018a57af2f90 code [0x0000018a57af3120, 0x0000018a57af3358]
Event: 3.858 Thread 0x0000018a6795a000 1860       3       org.gradle.internal.file.FilePathUtil::sizeOfCommonPrefix (142 bytes)
Event: 3.862 Thread 0x0000018a6795a000 nmethod 1860 0x0000018a50594210 code [0x0000018a50594660, 0x0000018a505968a0]
Event: 3.862 Thread 0x0000018a6795a000 1861       3       org.gradle.internal.file.DefaultFileHierarchySet$Node::sizeOfCommonPrefix (10 bytes)
Event: 3.863 Thread 0x0000018a6795a000 nmethod 1861 0x0000018a5055f590 code [0x0000018a5055f760, 0x0000018a5055f950]
Event: 3.863 Thread 0x0000018a6795a000 1862       3       org.gradle.internal.file.FilePathUtil::sizeOfCommonPrefix (10 bytes)
Event: 3.863 Thread 0x0000018a6795a000 nmethod 1862 0x0000018a5055a990 code [0x0000018a5055ab40, 0x0000018a5055acb0]
Event: 3.863 Thread 0x0000018a6795a000 1863       1       com.google.common.collect.RegularImmutableList::size (5 bytes)
Event: 3.863 Thread 0x0000018a6795a000 nmethod 1863 0x0000018a57af3490 code [0x0000018a57af3640, 0x0000018a57af3758]

GC Heap History (4 events):
Event: 1.147 GC heap before
{Heap before GC invocations=0 (full 0):
 garbage-first heap   total 147456K, used 29696K [0x0000000080000000, 0x0000000100000000)
  region size 1024K, 24 young (24576K), 0 survivors (0K)
 Metaspace       used 10797K, capacity 11079K, committed 11264K, reserved 1058816K
  class space    used 1142K, capacity 1201K, committed 1280K, reserved 1048576K
}
Event: 1.155 GC heap after
{Heap after GC invocations=1 (full 0):
 garbage-first heap   total 147456K, used 8683K [0x0000000080000000, 0x0000000100000000)
  region size 1024K, 3 young (3072K), 3 survivors (3072K)
 Metaspace       used 10797K, capacity 11079K, committed 11264K, reserved 1058816K
  class space    used 1142K, capacity 1201K, committed 1280K, reserved 1048576K
}
Event: 3.869 GC heap before
{Heap before GC invocations=1 (full 0):
 garbage-first heap   total 147456K, used 83435K [0x0000000080000000, 0x0000000100000000)
  region size 1024K, 78 young (79872K), 3 survivors (3072K)
 Metaspace       used 19935K, capacity 20387K, committed 20480K, reserved 1067008K
  class space    used 2426K, capacity 2543K, committed 2560K, reserved 1048576K
}
Event: 3.886 GC heap after
{Heap after GC invocations=2 (full 0):
 garbage-first heap   total 147456K, used 16834K [0x0000000080000000, 0x0000000100000000)
  region size 1024K, 11 young (11264K), 11 survivors (11264K)
 Metaspace       used 19935K, capacity 20387K, committed 20480K, reserved 1067008K
  class space    used 2426K, capacity 2543K, committed 2560K, reserved 1048576K
}

Deoptimization events (20 events):
Event: 3.403 Thread 0x0000018a68f5b800 Uncommon trap: trap_request=0xffffffc6 fr.pc=0x0000018a57ac1b10 relative=0x00000000000010f0
Event: 3.403 Thread 0x0000018a68f5b800 Uncommon trap: reason=bimorphic_or_optimized_type_check action=maybe_recompile pc=0x0000018a57ac1b10 method=java.util.HashMap.putVal(ILjava/lang/Object;Ljava/lang/Object;ZZ)Ljava/lang/Object; @ 253 c2
Event: 3.403 Thread 0x0000018a68f5b800 DEOPT PACKING pc=0x0000018a57ac1b10 sp=0x000000725c0fea10
Event: 3.404 Thread 0x0000018a68f5b800 DEOPT UNPACKING pc=0x0000018a4ff88129 sp=0x000000725c0fe9f0 mode 2
Event: 3.633 Thread 0x0000018a68f5b800 Uncommon trap: trap_request=0xffffffde fr.pc=0x0000018a57a7d934 relative=0x0000000000000414
Event: 3.633 Thread 0x0000018a68f5b800 Uncommon trap: reason=class_check action=maybe_recompile pc=0x0000018a57a7d934 method=java.util.regex.Matcher.match(II)Z @ 121 c2
Event: 3.633 Thread 0x0000018a68f5b800 DEOPT PACKING pc=0x0000018a57a7d934 sp=0x000000725c0fa440
Event: 3.633 Thread 0x0000018a68f5b800 DEOPT UNPACKING pc=0x0000018a4ff88129 sp=0x000000725c0fa400 mode 2
Event: 3.660 Thread 0x0000018a68f5b800 Uncommon trap: trap_request=0xffffff4d fr.pc=0x0000018a57a932bc relative=0x00000000000009bc
Event: 3.660 Thread 0x0000018a68f5b800 Uncommon trap: reason=unstable_if action=reinterpret pc=0x0000018a57a932bc method=java.util.regex.Matcher.reset()Ljava/util/regex/Matcher; @ 71 c2
Event: 3.660 Thread 0x0000018a68f5b800 DEOPT PACKING pc=0x0000018a57a932bc sp=0x000000725c0f9170
Event: 3.660 Thread 0x0000018a68f5b800 DEOPT UNPACKING pc=0x0000018a4ff88129 sp=0x000000725c0f90b8 mode 2
Event: 3.660 Thread 0x0000018a68f5b800 Uncommon trap: trap_request=0xffffff4d fr.pc=0x0000018a57a7d9a0 relative=0x0000000000000480
Event: 3.660 Thread 0x0000018a68f5b800 Uncommon trap: reason=unstable_if action=reinterpret pc=0x0000018a57a7d9a0 method=java.util.regex.Matcher.match(II)Z @ 76 c2
Event: 3.660 Thread 0x0000018a68f5b800 DEOPT PACKING pc=0x0000018a57a7d9a0 sp=0x000000725c0f9170
Event: 3.660 Thread 0x0000018a68f5b800 DEOPT UNPACKING pc=0x0000018a4ff88129 sp=0x000000725c0f9140 mode 2
Event: 3.661 Thread 0x0000018a68f5b800 Uncommon trap: trap_request=0xffffff4d fr.pc=0x0000018a57a8395c relative=0x00000000000001fc
Event: 3.661 Thread 0x0000018a68f5b800 Uncommon trap: reason=unstable_if action=reinterpret pc=0x0000018a57a8395c method=java.util.regex.Matcher.reset()Ljava/util/regex/Matcher; @ 71 c2
Event: 3.661 Thread 0x0000018a68f5b800 DEOPT PACKING pc=0x0000018a57a8395c sp=0x000000725c0f9120
Event: 3.661 Thread 0x0000018a68f5b800 DEOPT UNPACKING pc=0x0000018a4ff88129 sp=0x000000725c0f90b0 mode 2

Classes redefined (0 events):
No events

Internal exceptions (20 events):
Event: 1.913 Thread 0x0000018a4c738000 Exception <a 'java/lang/NoSuchMethodError'{0x0000000085ef6790}: 'java.lang.Object java.lang.invoke.DirectMethodHandle$Holder.invokeStaticInit(java.lang.Object, int, int, int, int)'> (0x0000000085ef6790) thrown at [./src/hotspot/share/interpreter/linkResolver.cpp, line 773]
Event: 2.302 Thread 0x0000018a4c738000 Exception <a 'java/lang/NoSuchMethodError'{0x0000000085d2da58}: 'java.lang.Object java.lang.invoke.DirectMethodHandle$Holder.invokeStaticInit(java.lang.Object, java.lang.Object, int, int, int, int)'> (0x0000000085d2da58) thrown at [./src/hotspot/share/interpreter/linkResolver.cpp, line 773]
Event: 3.221 Thread 0x0000018a4c738000 Exception <a 'java/io/IOException'{0x0000000085cf0100}> (0x0000000085cf0100) thrown at [./src/hotspot/share/prims/jni.cpp, line 615]
Event: 3.311 Thread 0x0000018a68a65800 Exception <a 'java/lang/NoSuchMethodError'{0x0000000085920190}: <clinit>> (0x0000000085920190) thrown at [./src/hotspot/share/prims/jni.cpp, line 1362]
Event: 3.314 Thread 0x0000018a68a65800 Exception <a 'java/lang/NoSuchMethodError'{0x000000008592b9a0}: <clinit>> (0x000000008592b9a0) thrown at [./src/hotspot/share/prims/jni.cpp, line 1362]
Event: 3.317 Thread 0x0000018a68a65800 Exception <a 'java/lang/NoSuchMethodError'{0x000000008593b648}: <clinit>> (0x000000008593b648) thrown at [./src/hotspot/share/prims/jni.cpp, line 1362]
Event: 3.323 Thread 0x0000018a68a65800 Exception <a 'java/lang/NoSuchMethodError'{0x000000008594d428}: <clinit>> (0x000000008594d428) thrown at [./src/hotspot/share/prims/jni.cpp, line 1362]
Event: 3.329 Thread 0x0000018a68a65800 Exception <a 'java/lang/NoSuchMethodError'{0x0000000085973ef0}: <clinit>> (0x0000000085973ef0) thrown at [./src/hotspot/share/prims/jni.cpp, line 1362]
Event: 3.333 Thread 0x0000018a68a65800 Exception <a 'java/lang/NoSuchMethodError'{0x000000008598bf30}: <clinit>> (0x000000008598bf30) thrown at [./src/hotspot/share/prims/jni.cpp, line 1362]
Event: 3.334 Thread 0x0000018a68a65800 Exception <a 'java/lang/NoSuchMethodError'{0x00000000859958f8}: <clinit>> (0x00000000859958f8) thrown at [./src/hotspot/share/prims/jni.cpp, line 1362]
Event: 3.338 Thread 0x0000018a68a65800 Exception <a 'java/lang/NoSuchMethodError'{0x00000000859aafb0}: <clinit>> (0x00000000859aafb0) thrown at [./src/hotspot/share/prims/jni.cpp, line 1362]
Event: 3.355 Thread 0x0000018a68a65800 Exception <a 'java/lang/NoSuchMethodError'{0x0000000085804d48}: <clinit>> (0x0000000085804d48) thrown at [./src/hotspot/share/prims/jni.cpp, line 1362]
Event: 3.362 Thread 0x0000018a68a65800 Exception <a 'java/lang/NoSuchMethodError'{0x0000000085833bf8}: <clinit>> (0x0000000085833bf8) thrown at [./src/hotspot/share/prims/jni.cpp, line 1362]
Event: 3.367 Thread 0x0000018a68a65800 Exception <a 'java/lang/NoSuchMethodError'{0x000000008585c650}: <clinit>> (0x000000008585c650) thrown at [./src/hotspot/share/prims/jni.cpp, line 1362]
Event: 3.453 Thread 0x0000018a68f5b800 Exception <a 'java/lang/NoSuchMethodError'{0x00000000855389b0}: 'void java.lang.invoke.DelegatingMethodHandle$Holder.reinvoke_L(java.lang.Object, java.lang.Object, java.lang.Object, java.lang.Object)'> (0x00000000855389b0) thrown at [./src/hotspot/share/interpreter/linkResolver.cpp, line 773]
Event: 3.465 Thread 0x0000018a68f5b800 Exception <a 'java/lang/NoSuchMethodError'{0x000000008556f3d0}: 'long java.lang.invoke.DirectMethodHandle$Holder.invokeInterface(java.lang.Object, java.lang.Object)'> (0x000000008556f3d0) thrown at [./src/hotspot/share/interpreter/linkResolver.cpp, line 773]
Event: 3.470 Thread 0x0000018a68f5b800 Exception <a 'java/lang/NoSuchMethodError'{0x000000008558ced8}: 'void java.lang.invoke.DelegatingMethodHandle$Holder.reinvoke_L(java.lang.Object, java.lang.Object, java.lang.Object, java.lang.Object, java.lang.Object, java.lang.Object, java.lang.Object)'> (0x000000008558ced8) thrown at [./src/hotspot/share/interpreter/linkResolver.cpp, line 773]
Event: 3.592 Thread 0x0000018a68f5b800 Exception <a 'java/lang/NoSuchMethodError'{0x0000000084d2a028}: 'java.lang.Object java.lang.invoke.DirectMethodHandle$Holder.invokeVirtual(java.lang.Object, java.lang.Object, java.lang.Object)'> (0x0000000084d2a028) thrown at [./src/hotspot/share/interpreter/linkResolver.cpp, line 773]
Event: 3.593 Thread 0x0000018a68f5b800 Exception <a 'java/lang/NoSuchMethodError'{0x0000000084d2de18}: 'void java.lang.invoke.DirectMethodHandle$Holder.invokeStatic(java.lang.Object, java.lang.Object, java.lang.Object, java.lang.Object)'> (0x0000000084d2de18) thrown at [./src/hotspot/share/interpreter/linkResolver.cpp, line 773]
Event: 3.644 Thread 0x0000018a68f5b800 Exception <a 'java/lang/NoSuchMethodError'{0x0000000084bc5010}: 'void java.lang.invoke.DirectMethodHandle$Holder.invokeStaticInit(java.lang.Object)'> (0x0000000084bc5010) thrown at [./src/hotspot/share/interpreter/linkResolver.cpp, line 773]

Events (20 events):
Event: 3.863 loading class com/google/common/collect/MapMakerInternalMap$Strength$1 done
Event: 3.864 loading class com/google/common/collect/MapMakerInternalMap$Strength$2
Event: 3.864 loading class com/google/common/collect/MapMakerInternalMap$Strength$2 done
Event: 3.864 loading class com/google/common/collect/Interners$InternerImpl
Event: 3.864 loading class com/google/common/collect/Interners$InternerImpl done
Event: 3.865 loading class com/google/common/collect/MapMakerInternalMap
Event: 3.865 loading class com/google/common/collect/MapMakerInternalMap done
Event: 3.866 loading class com/google/common/collect/MapMakerInternalMap$WeakValueReference
Event: 3.866 loading class com/google/common/collect/MapMakerInternalMap$WeakValueReference done
Event: 3.866 loading class com/google/common/collect/MapMakerInternalMap$InternalEntryHelper
Event: 3.866 loading class com/google/common/collect/MapMakerInternalMap$InternalEntryHelper done
Event: 3.867 loading class com/google/common/collect/MapMakerInternalMap$1
Event: 3.867 loading class com/google/common/collect/MapMakerInternalMap$1 done
Event: 3.867 loading class com/google/common/collect/MapMakerInternalMap$InternalEntry
Event: 3.867 loading class com/google/common/collect/MapMakerInternalMap$InternalEntry done
Event: 3.867 loading class com/google/common/collect/MapMakerInternalMap$WeakKeyDummyValueEntry$Helper
Event: 3.867 loading class com/google/common/collect/MapMakerInternalMap$WeakKeyDummyValueEntry$Helper done
Event: 3.868 loading class com/google/common/collect/MapMakerInternalMap$Segment
Event: 3.868 loading class com/google/common/collect/MapMakerInternalMap$Segment done
Event: 3.869 Executing VM operation: CollectForMetadataAllocation


Dynamic libraries:
0x00007ff6eee80000 - 0x00007ff6eee8a000 	C:\Program Files\Android\android-studio-canary\jre\bin\java.exe
0x00007ffb85d50000 - 0x00007ffb85f45000 	C:\WINDOWS\SYSTEM32\ntdll.dll
0x00007ffb857e0000 - 0x00007ffb8589d000 	C:\WINDOWS\System32\KERNEL32.DLL
0x00007ffb83810000 - 0x00007ffb83ad7000 	C:\WINDOWS\System32\KERNELBASE.dll
0x00007ffb83ae0000 - 0x00007ffb83be0000 	C:\WINDOWS\System32\ucrtbase.dll
0x00007ffb7f250000 - 0x00007ffb7f269000 	C:\Program Files\Android\android-studio-canary\jre\bin\jli.dll
0x00007ffb7f230000 - 0x00007ffb7f247000 	C:\Program Files\Android\android-studio-canary\jre\bin\VCRUNTIME140.dll
0x00007ffb83ea0000 - 0x00007ffb84040000 	C:\WINDOWS\System32\USER32.dll
0x00007ffb83d90000 - 0x00007ffb83db2000 	C:\WINDOWS\System32\win32u.dll
0x00007ffb79880000 - 0x00007ffb79b1a000 	C:\WINDOWS\WinSxS\amd64_microsoft.windows.common-controls_6595b64144ccf1df_6.0.19041.1_none_b555e41d4684ddec\COMCTL32.dll
0x00007ffb85420000 - 0x00007ffb8544a000 	C:\WINDOWS\System32\GDI32.dll
0x00007ffb847a0000 - 0x00007ffb8483e000 	C:\WINDOWS\System32\msvcrt.dll
0x00007ffb83700000 - 0x00007ffb8380a000 	C:\WINDOWS\System32\gdi32full.dll
0x00007ffb83be0000 - 0x00007ffb83c7d000 	C:\WINDOWS\System32\msvcp_win.dll
0x00007ffb83dc0000 - 0x00007ffb83df0000 	C:\WINDOWS\System32\IMM32.DLL
0x00007ffb706f0000 - 0x00007ffb7078d000 	C:\Program Files\Android\android-studio-canary\jre\bin\msvcp140.dll
0x00007ffb48b90000 - 0x00007ffb4964b000 	C:\Program Files\Android\android-studio-canary\jre\bin\server\jvm.dll
0x00007ffb83df0000 - 0x00007ffb83e9a000 	C:\WINDOWS\System32\ADVAPI32.dll
0x00007ffb855a0000 - 0x00007ffb8563b000 	C:\WINDOWS\System32\sechost.dll
0x00007ffb85640000 - 0x00007ffb85763000 	C:\WINDOWS\System32\RPCRT4.dll
0x00007ffb85770000 - 0x00007ffb85778000 	C:\WINDOWS\System32\PSAPI.DLL
0x00007ffb6fb90000 - 0x00007ffb6fb99000 	C:\WINDOWS\SYSTEM32\WSOCK32.dll
0x00007ffb79b30000 - 0x00007ffb79b57000 	C:\WINDOWS\SYSTEM32\WINMM.dll
0x00007ffb84f00000 - 0x00007ffb84f6b000 	C:\WINDOWS\System32\WS2_32.dll
0x00007ffb79b60000 - 0x00007ffb79b6a000 	C:\WINDOWS\SYSTEM32\VERSION.dll
0x00007ffb81440000 - 0x00007ffb81453000 	C:\WINDOWS\SYSTEM32\kernel.appcore.dll
0x00007ffb7e520000 - 0x00007ffb7e531000 	C:\Program Files\Android\android-studio-canary\jre\bin\verify.dll
0x00007ffb70810000 - 0x00007ffb709f4000 	C:\WINDOWS\SYSTEM32\DBGHELP.DLL
0x00007ffb70790000 - 0x00007ffb707bc000 	C:\WINDOWS\SYSTEM32\dbgcore.DLL
0x00007ffb83cb0000 - 0x00007ffb83d2f000 	C:\WINDOWS\System32\bcryptPrimitives.dll
0x00007ffb7e2d0000 - 0x00007ffb7e2f9000 	C:\Program Files\Android\android-studio-canary\jre\bin\java.dll
0x00007ffb7ddd0000 - 0x00007ffb7dde8000 	C:\Program Files\Android\android-studio-canary\jre\bin\zip.dll
0x00007ffb7e510000 - 0x00007ffb7e51b000 	C:\Program Files\Android\android-studio-canary\jre\bin\jimage.dll
0x00007ffb84060000 - 0x00007ffb847a0000 	C:\WINDOWS\System32\SHELL32.dll
0x00007ffb81640000 - 0x00007ffb81dd1000 	C:\WINDOWS\SYSTEM32\windows.storage.dll
0x00007ffb849e0000 - 0x00007ffb84d33000 	C:\WINDOWS\System32\combase.dll
0x00007ffb82f20000 - 0x00007ffb82f4c000 	C:\WINDOWS\SYSTEM32\Wldp.dll
0x00007ffb84930000 - 0x00007ffb849de000 	C:\WINDOWS\System32\SHCORE.dll
0x00007ffb84e20000 - 0x00007ffb84e75000 	C:\WINDOWS\System32\shlwapi.dll
0x00007ffb833e0000 - 0x00007ffb833ff000 	C:\WINDOWS\SYSTEM32\profapi.dll
0x00007ffb7ddb0000 - 0x00007ffb7ddca000 	C:\Program Files\Android\android-studio-canary\jre\bin\net.dll
0x00007ffb77450000 - 0x00007ffb77550000 	C:\WINDOWS\SYSTEM32\WINHTTP.dll
0x00007ffb82ca0000 - 0x00007ffb82d0a000 	C:\WINDOWS\system32\mswsock.dll
0x00007ffb7c880000 - 0x00007ffb7c894000 	C:\Program Files\Android\android-studio-canary\jre\bin\nio.dll
0x00007ffb7e310000 - 0x00007ffb7e337000 	N:\_AndroidGradle\native\9f2fa17c089eee584f3420100432f77ec4c098959e4bf121a4d6054c26537dfb\windows-amd64\native-platform.dll
0x00007ffb7c0d0000 - 0x00007ffb7c0da000 	C:\Program Files\Android\android-studio-canary\jre\bin\management.dll
0x00007ffb7c0c0000 - 0x00007ffb7c0cc000 	C:\Program Files\Android\android-studio-canary\jre\bin\management_ext.dll
0x00007ffb82e70000 - 0x00007ffb82e88000 	C:\WINDOWS\SYSTEM32\CRYPTSP.dll
0x00007ffb825c0000 - 0x00007ffb825f4000 	C:\WINDOWS\system32\rsaenh.dll
0x00007ffb83c80000 - 0x00007ffb83ca7000 	C:\WINDOWS\System32\bcrypt.dll
0x00007ffb83360000 - 0x00007ffb8338e000 	C:\WINDOWS\SYSTEM32\USERENV.dll
0x00007ffb82e90000 - 0x00007ffb82e9c000 	C:\WINDOWS\SYSTEM32\CRYPTBASE.dll
0x00007ffb82940000 - 0x00007ffb8297b000 	C:\WINDOWS\SYSTEM32\IPHLPAPI.DLL
0x00007ffb85450000 - 0x00007ffb85459000 	C:\WINDOWS\System32\NSI.dll
0x00007ffb7b860000 - 0x00007ffb7b877000 	C:\WINDOWS\SYSTEM32\dhcpcsvc6.DLL
0x00007ffb7b840000 - 0x00007ffb7b85d000 	C:\WINDOWS\SYSTEM32\dhcpcsvc.DLL
0x00007ffb82990000 - 0x00007ffb82a5a000 	C:\WINDOWS\SYSTEM32\DNSAPI.dll
0x00007ffb7b880000 - 0x00007ffb7b88b000 	C:\WINDOWS\SYSTEM32\WINNSI.DLL

dbghelp: loaded successfully - version: 4.0.5 - missing functions: none
symbol engine: initialized successfully - sym options: 0x614 - pdb path: .;C:\Program Files\Android\android-studio-canary\jre\bin;C:\WINDOWS\SYSTEM32;C:\WINDOWS\WinSxS\amd64_microsoft.windows.common-controls_6595b64144ccf1df_6.0.19041.1_none_b555e41d4684ddec;C:\Program Files\Android\android-studio-canary\jre\bin\server;N:\_AndroidGradle\native\9f2fa17c089eee584f3420100432f77ec4c098959e4bf121a4d6054c26537dfb\windows-amd64

VM Arguments:
jvm_args: --add-opens=java.base/java.util=ALL-UNNAMED --add-opens=java.base/java.lang=ALL-UNNAMED --add-opens=java.base/java.lang.invoke=ALL-UNNAMED --add-opens=java.prefs/java.util.prefs=ALL-UNNAMED -Xmx2048m -Dfile.encoding=UTF-8 -Duser.country=RU -Duser.language=ru -Duser.variant 
java_command: org.gradle.launcher.daemon.bootstrap.GradleDaemon 6.6
java_class_path (initial): N:\_AndroidGradle\wrapper\dists\gradle-6.6-bin\dflktxzwamd4bv66q00iv4ga9\gradle-6.6\lib\gradle-launcher-6.6.jar
Launcher Type: SUN_STANDARD

[Global flags]
     intx CICompilerCount                          = 4                                         {product} {ergonomic}
     uint ConcGCThreads                            = 2                                         {product} {ergonomic}
     uint G1ConcRefinementThreads                  = 8                                         {product} {ergonomic}
   size_t G1HeapRegionSize                         = 1048576                                   {product} {ergonomic}
    uintx GCDrainStackTargetSize                   = 64                                        {product} {ergonomic}
   size_t InitialHeapSize                          = 150994944                                 {product} {ergonomic}
   size_t MarkStackSize                            = 4194304                                   {product} {ergonomic}
   size_t MaxHeapSize                              = 2147483648                                {product} {command line}
   size_t MaxNewSize                               = 1287651328                                {product} {ergonomic}
   size_t MinHeapDeltaBytes                        = 1048576                                   {product} {ergonomic}
    uintx NonNMethodCodeHeapSize                   = 5836300                                {pd product} {ergonomic}
    uintx NonProfiledCodeHeapSize                  = 122910970                              {pd product} {ergonomic}
    uintx ProfiledCodeHeapSize                     = 122910970                              {pd product} {ergonomic}
    uintx ReservedCodeCacheSize                    = 251658240                              {pd product} {ergonomic}
     bool SegmentedCodeCache                       = true                                      {product} {ergonomic}
     bool UseCompressedClassPointers               = true                                 {lp64_product} {ergonomic}
     bool UseCompressedOops                        = true                                 {lp64_product} {ergonomic}
     bool UseG1GC                                  = true                                      {product} {ergonomic}
     bool UseLargePagesIndividualAllocation        = false                                  {pd product} {ergonomic}

Logging:
Log output configuration:
 #0: stdout all=warning uptime,level,tags
 #1: stderr all=off uptime,level,tags

Environment Variables:
JAVA_HOME=C:\Program Files\Java\jdk-14.0.1
PATH=C:\Program Files (x86)\NVIDIA Corporation\PhysX\Common;C:\WINDOWS\system32;C:\WINDOWS;C:\WINDOWS\System32\Wbem;C:\WINDOWS\System32\WindowsPowerShell\v1.0\;C:\WINDOWS\System32\OpenSSH\;C:\Program Files (x86)\Common Files\Acronis\SnapAPI\;C:\Program Files (x86)\Common Files\Acronis\VirtualFile\;C:\Program Files (x86)\Common Files\Acronis\VirtualFile64\;C:\Program Files\Java\jdk-14.0.1\bin;C:\Program Files (x86)\IDEMIA\AWP\Dlls;C:\Program Files\IDEMIA\AWP\Dlls;C:\Program Files\Git\cmd;C:\Users\eveli\AppData\Local\Microsoft\WindowsApps;;C:\Users\eveli\AppData\Local\Programs\Fiddler;C:\Users\eveli\AppData\Local\Microsoft\WindowsApps
USERNAME=eveli
OS=Windows_NT
PROCESSOR_IDENTIFIER=Intel64 Family 6 Model 26 Stepping 5, GenuineIntel



---------------  S Y S T E M  ---------------

OS: Windows 10 , 64 bit Build 19041 (10.0.19041.292)
OS uptime: 0 days 7:28 hours

CPU:total 8 (initial active 8) (4 cores per cpu, 2 threads per core) family 6 model 26 stepping 5, cmov, cx8, fxsr, mmx, sse, sse2, sse3, ssse3, sse4.1, sse4.2, popcnt, ht, tsc, tscinvbit, tscinv

Memory: 4k page, system-wide physical 9201M (403M free)
TotalPageFile size 13297M (AvailPageFile size 8M)
current process WorkingSet (physical memory assigned to process): 176M, peak: 176M
current process commit charge ("private bytes"): 267M, peak: 268M

vm_info: OpenJDK 64-Bit Server VM (11.0.7+10-b765.53) for windows-amd64 JRE (11.0.7+10-b765.53), built on Jun  5 2020 01:34:43 by "builder" with MS VC++ 14.0 (VS2015)

END.
